app/manifest-merger-release-report.txt
-- Merging decision tree log ---
manifest
ADDED from AndroidManifest.xml:2:1
	package
		ADDED from AndroidManifest.xml:3:5
		INJECTED from AndroidManifest.xml:0:0
		INJECTED from AndroidManifest.xml:0:0
	android:versionName
		INJECTED from AndroidManifest.xml:0:0
		INJECTED from AndroidManifest.xml:0:0
	xmlns:android
		ADDED from AndroidManifest.xml:2:11
	android:versionCode
		INJECTED from AndroidManifest.xml:0:0
		INJECTED from AndroidManifest.xml:0:0
uses-permission#android.permission.READ_EXTERNAL_STORAGE
ADDED from AndroidManifest.xml:5:5
	android:name
		ADDED from AndroidManifest.xml:5:22
uses-permission#android.permission.INTERNET
ADDED from AndroidManifest.xml:7:5
	android:name
		ADDED from AndroidManifest.xml:7:22
uses-permission#android.permission.ACCESS_NETWORK_STATE
ADDED from AndroidManifest.xml:8:5
	android:name
		ADDED from AndroidManifest.xml:8:22
uses-permission#android.permission.WAKE_LOCK
ADDED from AndroidManifest.xml:9:5
	android:name
		ADDED from AndroidManifest.xml:9:22
uses-permission#android.permission.VIBRATE
ADDED from AndroidManifest.xml:10:5
	android:name
		ADDED from AndroidManifest.xml:10:22
uses-permission#android.permission.RECEIVE_BOOT_COMPLETED
ADDED from AndroidManifest.xml:11:5
	android:name
		ADDED from AndroidManifest.xml:11:22
uses-permission#android.permission.GET_ACCOUNTS
ADDED from AndroidManifest.xml:12:5
	android:name
		ADDED from AndroidManifest.xml:12:22
uses-permission#com.google.android.c2dm.permission.RECEIVE
ADDED from AndroidManifest.xml:13:5
	android:name
		ADDED from AndroidManifest.xml:13:22
permission#com.example.sanchoy.bracualleviator.permission.C2D_MESSAGE
ADDED from AndroidManifest.xml:15:5
	android:protectionLevel
		ADDED from AndroidManifest.xml:15:17
	android:name
		ADDED from AndroidManifest.xml:16:9
uses-permission#com.example.sanchoy.bracualleviator.permission.C2D_MESSAGE
ADDED from AndroidManifest.xml:17:5
	android:name
		ADDED from AndroidManifest.xml:17:22
application
ADDED from AndroidManifest.xml:19:5
MERGED from com.android.support:appcompat-v7:21.0.3:16:5
MERGED from com.android.support:support-v4:21.0.3:16:5
	android:label
		ADDED from AndroidManifest.xml:22:9
	android:allowBackup
		ADDED from AndroidManifest.xml:20:9
	android:icon
		ADDED from AndroidManifest.xml:21:9
	android:theme
		ADDED from AndroidManifest.xml:23:9
	android:name
		ADDED from AndroidManifest.xml:24:9
activity#com.example.sanchoy.bracualleviator.MainAlleviatorActivity
ADDED from AndroidManifest.xml:27:9
	android:label
		ADDED from AndroidManifest.xml:29:13
	android:name
		ADDED from AndroidManifest.xml:28:13
intent-filter#android.intent.action.MAIN+android.intent.category.LAUNCHER
ADDED from AndroidManifest.xml:30:13
action#android.intent.action.MAIN
ADDED from AndroidManifest.xml:31:17
	android:name
		ADDED from AndroidManifest.xml:31:25
category#android.intent.category.LAUNCHER
ADDED from AndroidManifest.xml:33:17
	android:name
		ADDED from AndroidManifest.xml:33:27
activity#com.example.sanchoy.bracualleviator.facultyLogin_activity
ADDED from AndroidManifest.xml:37:9
	android:label
		ADDED from AndroidManifest.xml:39:13
	android:name
		ADDED from AndroidManifest.xml:38:13
intent-filter#android.intent.category.DEFAULT+com.example.sanchoy.bracualleviator.facultyLogin_activity
ADDED from AndroidManifest.xml:40:13
action#com.example.sanchoy.bracualleviator.facultyLogin_activity
ADDED from AndroidManifest.xml:41:17
	android:name
		ADDED from AndroidManifest.xml:41:25
category#android.intent.category.DEFAULT
ADDED from AndroidManifest.xml:43:17
	android:name
		ADDED from AndroidManifest.xml:43:27
activity#com.example.sanchoy.bracualleviator.studentLogin_activity
ADDED from AndroidManifest.xml:47:9
	android:label
		ADDED from AndroidManifest.xml:49:13
	android:name
		ADDED from AndroidManifest.xml:48:13
intent-filter#android.intent.category.DEFAULT+com.example.sanchoy.bracualleviator.studentLogin_activity
ADDED from AndroidManifest.xml:50:13
action#com.example.sanchoy.bracualleviator.studentLogin_activity
ADDED from AndroidManifest.xml:51:17
	android:name
		ADDED from AndroidManifest.xml:51:25
activity#com.example.sanchoy.bracualleviator.stdRegister_activity
ADDED from AndroidManifest.xml:57:9
	android:label
		ADDED from AndroidManifest.xml:59:13
	android:name
		ADDED from AndroidManifest.xml:58:13
intent-filter#android.intent.category.DEFAULT+com.example.sanchoy.bracualleviator.stdRegister_activity
ADDED from AndroidManifest.xml:60:13
action#com.example.sanchoy.bracualleviator.stdRegister_activity
ADDED from AndroidManifest.xml:61:17
	android:name
		ADDED from AndroidManifest.xml:61:25
activity#com.example.sanchoy.bracualleviator.facultyRegister_activity
ADDED from AndroidManifest.xml:67:9
	android:label
		ADDED from AndroidManifest.xml:69:13
	android:name
		ADDED from AndroidManifest.xml:68:13
intent-filter#android.intent.category.DEFAULT+com.example.sanchoy.bracualleviator.facultyRegister_activity
ADDED from AndroidManifest.xml:70:13
action#com.example.sanchoy.bracualleviator.facultyRegister_activity
ADDED from AndroidManifest.xml:71:17
	android:name
		ADDED from AndroidManifest.xml:71:25
activity#com.example.sanchoy.bracualleviator.student_page
ADDED from AndroidManifest.xml:77:9
	android:label
		ADDED from AndroidManifest.xml:79:13
	android:name
		ADDED from AndroidManifest.xml:78:13
intent-filter#android.intent.category.DEFAULT+com.example.sanchoy.bracualleviator.student_page
ADDED from AndroidManifest.xml:80:13
action#com.example.sanchoy.bracualleviator.student_page
ADDED from AndroidManifest.xml:81:17
	android:name
		ADDED from AndroidManifest.xml:81:25
activity#com.example.sanchoy.bracualleviator.faculty_page
ADDED from AndroidManifest.xml:87:9
	android:label
		ADDED from AndroidManifest.xml:89:13
	android:name
		ADDED from AndroidManifest.xml:88:13
intent-filter#android.intent.category.DEFAULT+com.example.sanchoy.bracualleviator.faculty_page
ADDED from AndroidManifest.xml:90:13
action#com.example.sanchoy.bracualleviator.faculty_page
ADDED from AndroidManifest.xml:91:17
	android:name
		ADDED from AndroidManifest.xml:91:25
activity#com.example.sanchoy.bracualleviator.student_to_faculty
ADDED from AndroidManifest.xml:97:9
	android:label
		ADDED from AndroidManifest.xml:99:13
	android:name
		ADDED from AndroidManifest.xml:98:13
intent-filter#android.intent.category.DEFAULT+com.example.sanchoy.bracualleviator.student_to_faculty
ADDED from AndroidManifest.xml:100:13
action#com.example.sanchoy.bracualleviator.student_to_faculty
ADDED from AndroidManifest.xml:101:17
	android:name
		ADDED from AndroidManifest.xml:101:25
activity#com.example.sanchoy.bracualleviator.faculty_to_student
ADDED from AndroidManifest.xml:107:9
	android:label
		ADDED from AndroidManifest.xml:109:13
	android:name
		ADDED from AndroidManifest.xml:108:13
intent-filter#android.intent.category.DEFAULT+com.example.sanchoy.bracualleviator.faculty_to_student
ADDED from AndroidManifest.xml:110:13
action#com.example.sanchoy.bracualleviator.faculty_to_student
ADDED from AndroidManifest.xml:111:17
	android:name
		ADDED from AndroidManifest.xml:111:25
activity#com.example.sanchoy.bracualleviator.admin_login
ADDED from AndroidManifest.xml:117:9
	android:label
		ADDED from AndroidManifest.xml:119:13
	android:name
		ADDED from AndroidManifest.xml:118:13
intent-filter#android.intent.category.DEFAULT+com.example.sanchoy.bracualleviator.admin_login
ADDED from AndroidManifest.xml:120:13
action#com.example.sanchoy.bracualleviator.admin_login
ADDED from AndroidManifest.xml:121:17
	android:name
		ADDED from AndroidManifest.xml:121:25
activity#com.example.sanchoy.bracualleviator.admin_page
ADDED from AndroidManifest.xml:127:9
	android:label
		ADDED from AndroidManifest.xml:129:13
	android:name
		ADDED from AndroidManifest.xml:128:13
intent-filter#android.intent.category.DEFAULT+com.example.sanchoy.bracualleviator.admin_page
ADDED from AndroidManifest.xml:130:13
action#com.example.sanchoy.bracualleviator.admin_page
ADDED from AndroidManifest.xml:131:17
	android:name
		ADDED from AndroidManifest.xml:131:25
activity#com.example.sanchoy.bracualleviator.Parse_Test
ADDED from AndroidManifest.xml:137:9
	android:label
		ADDED from AndroidManifest.xml:139:13
	android:name
		ADDED from AndroidManifest.xml:138:13
intent-filter#android.intent.category.DEFAULT+com.example.sanchoy.bracualleviator.Parse_Test
ADDED from AndroidManifest.xml:140:13
action#com.example.sanchoy.bracualleviator.Parse_Test
ADDED from AndroidManifest.xml:141:17
	android:name
		ADDED from AndroidManifest.xml:141:25
service#com.parse.PushService
ADDED from AndroidManifest.xml:148:9
	android:name
		ADDED from AndroidManifest.xml:148:18
receiver#com.parse.ParseBroadcastReceiver
ADDED from AndroidManifest.xml:149:9
	android:name
		ADDED from AndroidManifest.xml:149:19
intent-filter#android.intent.action.BOOT_COMPLETED+android.intent.action.USER_PRESENT
ADDED from AndroidManifest.xml:150:13
action#android.intent.action.BOOT_COMPLETED
ADDED from AndroidManifest.xml:151:17
	android:name
		ADDED from AndroidManifest.xml:151:25
action#android.intent.action.USER_PRESENT
ADDED from AndroidManifest.xml:152:17
	android:name
		ADDED from AndroidManifest.xml:152:25
receiver#com.parse.ParsePushBroadcastReceiver
ADDED from AndroidManifest.xml:155:9
	android:exported
		ADDED from AndroidManifest.xml:156:13
	android:name
		ADDED from AndroidManifest.xml:155:19
intent-filter#com.parse.push.intent.DELETE+com.parse.push.intent.OPEN+com.parse.push.intent.RECEIVE
ADDED from AndroidManifest.xml:157:13
action#com.parse.push.intent.RECEIVE
ADDED from AndroidManifest.xml:158:17
	android:name
		ADDED from AndroidManifest.xml:158:25
action#com.parse.push.intent.DELETE
ADDED from AndroidManifest.xml:159:17
	android:name
		ADDED from AndroidManifest.xml:159:25
action#com.parse.push.intent.OPEN
ADDED from AndroidManifest.xml:160:17
	android:name
		ADDED from AndroidManifest.xml:160:25
receiver#com.parse.GcmBroadcastReceiver
ADDED from AndroidManifest.xml:163:9
	android:permission
		ADDED from AndroidManifest.xml:164:13
	android:name
		ADDED from AndroidManifest.xml:163:19
intent-filter#com.example.sanchoy.bracualleviator+com.google.android.c2dm.intent.RECEIVE+com.google.android.c2dm.intent.REGISTRATION
ADDED from AndroidManifest.xml:165:13
action#com.google.android.c2dm.intent.RECEIVE
ADDED from AndroidManifest.xml:166:17
	android:name
		ADDED from AndroidManifest.xml:166:25
action#com.google.android.c2dm.intent.REGISTRATION
ADDED from AndroidManifest.xml:167:17
	android:name
		ADDED from AndroidManifest.xml:167:25
category#com.example.sanchoy.bracualleviator
ADDED from AndroidManifest.xml:169:17
	android:name
		ADDED from AndroidManifest.xml:169:27
meta-data#com.parse.push.notification_icon
ADDED from AndroidManifest.xml:172:9
	android:resource
		ADDED from AndroidManifest.xml:172:68
	android:name
		ADDED from AndroidManifest.xml:172:20
uses-sdk
INJECTED from AndroidManifest.xml:0:0 reason: use-sdk injection requested
MERGED from com.android.support:appcompat-v7:21.0.3:15:5
MERGED from com.android.support:support-v4:21.0.3:15:5
	android:targetSdkVersion
		INJECTED from AndroidManifest.xml:0:0
		INJECTED from AndroidManifest.xml:0:0
	android:minSdkVersion
		INJECTED from AndroidManifest.xml:0:0
		INJECTED from AndroidManifest.xml:0:0